[1m[34m[ 1/94] BLOG_POST_TEMPLATE.qmd[39m[22m
[31m

processing file: BLOG_POST_TEMPLATE.qmd
[39m1/21                   
2/21 [unnamed-chunk-1] 
3/21                   
4/21 [unnamed-chunk-2] 
5/21                   
6/21 [unnamed-chunk-3] 
7/21                   
8/21 [unnamed-chunk-4] 
9/21                   
10/21 [unnamed-chunk-5] 
11/21                   
12/21 [unnamed-chunk-6] 
13/21                   
14/21 [unnamed-chunk-7] 
15/21                   
16/21 [unnamed-chunk-8] 
17/21                   
18/21 [unnamed-chunk-9] 
19/21                   
20/21 [unnamed-chunk-10]
21/21                   
[31moutput file: BLOG_POST_TEMPLATE.knit.md

[39m