[1m[34m[ 1/94] BLOG_POST_TEMPLATE.qmd[39m[22m
[31m

processing file: BLOG_POST_TEMPLATE.qmd
[39m1/21                   
2/21 [unnamed-chunk-1] 
3/21                   
4/21 [unnamed-chunk-2] 
5/21                   
6/21 [unnamed-chunk-3] 
7/21                   
8/21 [unnamed-chunk-4] 
9/21                   
10/21 [unnamed-chunk-5] 
11/21                   
12/21 [unnamed-chunk-6] 
13/21                   
14/21 [unnamed-chunk-7] 
15/21                   
16/21 [unnamed-chunk-8] 
17/21                   
18/21 [unnamed-chunk-9] 
19/21                   
20/21 [unnamed-chunk-10]
21/21                   
[31moutput file: BLOG_POST_TEMPLATE.knit.md

[39m[WARNING] Citeproc: citation citation_key not found
[WARNING] Citeproc: citation performance_citation not found
[WARNING] Citeproc: citation research_citation not found
[WARNING] Citeproc: citation rgt47 not found
[31m

processing file: BLOG_POST_TEMPLATE.qmd
[39m1/21                   
2/21 [unnamed-chunk-1] 
3/21                   
4/21 [unnamed-chunk-2] 
5/21                   
6/21 [unnamed-chunk-3] 
7/21                   
8/21 [unnamed-chunk-4] 
9/21                   
10/21 [unnamed-chunk-5] 
11/21                   
12/21 [unnamed-chunk-6] 
13/21                   
14/21 [unnamed-chunk-7] 
15/21                   
16/21 [unnamed-chunk-8] 
17/21                   
18/21 [unnamed-chunk-9] 
19/21                   
20/21 [unnamed-chunk-10]
21/21                   
[31moutput file: BLOG_POST_TEMPLATE.knit.md

[39m[1m[34m
Rendering PDF[39m[22m
[1m[34mrunning lualatex - 1[39m[22m
  This is LuaHBTeX, Version 1.18.0 (TeX Live 2024) 
   restricted system commands enabled.
  (./BLOG_POST_TEMPLATE.tex
  LaTeX2e <2023-11-01> patch level 1
  L3 programming layer <2024-02-20>
   (/usr/local/texlive/2024/texmf-dist/tex/latex/base/article.cls
  Document Class: article 2023/05/17 v1.4n Standard LaTeX document class
  (/usr/local/texlive/2024/texmf-dist/tex/latex/base/size11.clo))
  (/usr/local/texlive/2024/texmf-dist/tex/latex/xcolor/xcolor.sty
  (/usr/local/texlive/2024/texmf-dist/tex/latex/graphics-cfg/color.cfg)
  (/usr/local/texlive/2024/texmf-dist/tex/latex/graphics-def/luatex.def)
  (/usr/local/texlive/2024/texmf-dist/tex/latex/graphics/mathcolor.ltx))
  (/usr/local/texlive/2024/texmf-dist/tex/latex/graphics/dvipsnam.def)
  (/usr/local/texlive/2024/texmf-dist/tex/latex/xcolor/svgnam.def)
  (/usr/local/texlive/2024/texmf-dist/tex/latex/xcolor/x11nam.def)
  (/usr/local/texlive/2024/texmf-dist/tex/latex/geometry/geometry.sty
  (/usr/local/texlive/2024/texmf-dist/tex/latex/graphics/keyval.sty)
  (/usr/local/texlive/2024/texmf-dist/tex/generic/iftex/ifvtex.sty
  (/usr/local/texlive/2024/texmf-dist/tex/generic/iftex/iftex.sty)))
  (/usr/local/texlive/2024/texmf-dist/tex/latex/amsmath/amsmath.sty
  For additional information on amsmath, use the `?' option.
  (/usr/local/texlive/2024/texmf-dist/tex/latex/amsmath/amstext.sty
  (/usr/local/texlive/2024/texmf-dist/tex/latex/amsmath/amsgen.sty))
  (/usr/local/texlive/2024/texmf-dist/tex/latex/amsmath/amsbsy.sty)
  (/usr/local/texlive/2024/texmf-dist/tex/latex/amsmath/amsopn.sty))
  (/usr/local/texlive/2024/texmf-dist/tex/latex/amsfonts/amssymb.sty
  (/usr/local/texlive/2024/texmf-dist/tex/latex/amsfonts/amsfonts.sty))
  (/usr/local/texlive/2024/texmf-dist/tex/latex/unicode-math/unicode-math.sty
  (/usr/local/texlive/2024/texmf-dist/tex/latex/l3kernel/expl3.sty
  (/usr/local/texlive/2024/texmf-dist/tex/latex/l3backend/l3backend-luatex.def))
  (/usr/local/texlive/2024/texmf-dist/tex/latex/unicode-math/unicode-math-luatex.
  sty (/usr/local/texlive/2024/texmf-dist/tex/latex/l3packages/xparse/xparse.sty)
   (/usr/local/texlive/2024/texmf-dist/tex/latex/l3packages/l3keys2e/l3keys2e.sty
  ) (/usr/local/texlive/2024/texmf-dist/tex/latex/fontspec/fontspec.sty
  (/usr/local/texlive/2024/texmf-dist/tex/latex/fontspec/fontspec-luatex.sty
  (/usr/local/texlive/2024/texmf-dist/tex/latex/base/fontenc.sty)
  (/usr/local/texlive/2024/texmf-dist/tex/latex/fontspec/fontspec.cfg)))
  (/usr/local/texlive/2024/texmf-dist/tex/latex/base/fix-cm.sty
  (/usr/local/texlive/2024/texmf-dist/tex/latex/base/ts1enc.def))
  (/usr/local/texlive/2024/texmf-dist/tex/lualatex/lualatex-math/lualatex-math.st
  y (/usr/local/texlive/2024/texmf-dist/tex/latex/etoolbox/etoolbox.sty))
  (/usr/local/texlive/2024/texmf-dist/tex/latex/unicode-math/unicode-math-table.t
  ex))) (/usr/local/texlive/2024/texmf-dist/tex/latex/lm/lmodern.sty)
  (/usr/local/texlive/2024/texmf-dist/tex/latex/upquote/upquote.sty
  (/usr/local/texlive/2024/texmf-dist/tex/latex/base/textcomp.sty))
  (/usr/local/texlive/2024/texmf-dist/tex/latex/microtype/microtype.sty
  (/usr/local/texlive/2024/texmf-dist/tex/latex/microtype/microtype-luatex.def)
  (/usr/local/texlive/2024/texmf-dist/tex/latex/microtype/microtype.cfg))
  (/usr/local/texlive/2024/texmf-dist/tex/latex/parskip/parskip.sty
  (/usr/local/texlive/2024/texmf-dist/tex/latex/kvoptions/kvoptions.sty
  (/usr/local/texlive/2024/texmf-dist/tex/generic/ltxcmds/ltxcmds.sty)
  (/usr/local/texlive/2024/texmf-dist/tex/latex/kvsetkeys/kvsetkeys.sty)))
  (/usr/local/texlive/2024/texmf-dist/tex/latex/fancyvrb/fancyvrb.sty)
  (/usr/local/texlive/2024/texmf-dist/tex/latex/framed/framed.sty)
  (/usr/local/texlive/2024/texmf-dist/tex/latex/tools/longtable.sty)
  (/usr/local/texlive/2024/texmf-dist/tex/latex/booktabs/booktabs.sty)
  (/usr/local/texlive/2024/texmf-dist/tex/latex/tools/array.sty)
  (/usr/local/texlive/2024/texmf-dist/tex/latex/tools/calc.sty)
  (/usr/local/texlive/2024/texmf-dist/tex/latex/footnotehyper/footnotehyper.sty)
  (/usr/local/texlive/2024/texmf-dist/tex/latex/graphics/graphicx.sty
  (/usr/local/texlive/2024/texmf-dist/tex/latex/graphics/graphics.sty
  (/usr/local/texlive/2024/texmf-dist/tex/latex/graphics/trig.sty)
  (/usr/local/texlive/2024/texmf-dist/tex/latex/graphics-cfg/graphics.cfg)))
  (/usr/local/texlive/2024/texmf-dist/tex/latex/natbib/natbib.sty)
  (/usr/local/texlive/2024/texmf-dist/tex/latex/fvextra/fvextra.sty
  (/usr/local/texlive/2024/texmf-dist/tex/latex/lineno/lineno.sty))
  (/usr/local/texlive/2024/texmf-dist/tex/latex/url/url.sty)
  (/usr/local/texlive/2024/texmf-dist/tex/latex/caption/caption.sty
  (/usr/local/texlive/2024/texmf-dist/tex/latex/caption/caption3.sty)
  (/usr/local/texlive/2024/texmf-dist/tex/latex/caption/ltcaption.sty))
  (/usr/local/texlive/2024/texmf-dist/tex/latex/float/float.sty)
  (/usr/local/texlive/2024/texmf-dist/tex/latex/caption/subcaption.sty)
  (/usr/local/texlive/2024/texmf-dist/tex/latex/bookmark/bookmark.sty
  (/usr/local/texlive/2024/texmf-dist/tex/latex/hyperref/hyperref.sty
  (/usr/local/texlive/2024/texmf-dist/tex/generic/kvdefinekeys/kvdefinekeys.sty)
  (/usr/local/texlive/2024/texmf-dist/tex/generic/pdfescape/pdfescape.sty
  (/usr/local/texlive/2024/texmf-dist/tex/generic/pdftexcmds/pdftexcmds.sty
  (/usr/local/texlive/2024/texmf-dist/tex/generic/infwarerr/infwarerr.sty)))
  (/usr/local/texlive/2024/texmf-dist/tex/latex/hycolor/hycolor.sty)
  (/usr/local/texlive/2024/texmf-dist/tex/latex/auxhook/auxhook.sty)
  (/usr/local/texlive/2024/texmf-dist/tex/latex/hyperref/nameref.sty
  (/usr/local/texlive/2024/texmf-dist/tex/latex/refcount/refcount.sty)
  (/usr/local/texlive/2024/texmf-dist/tex/generic/gettitlestring/gettitlestring.s
  ty)) (/usr/local/texlive/2024/texmf-dist/tex/latex/hyperref/pd1enc.def)
  (/usr/local/texlive/2024/texmf-dist/tex/generic/intcalc/intcalc.sty)
  (/usr/local/texlive/2024/texmf-dist/tex/latex/hyperref/puenc.def)
  (/usr/local/texlive/2024/texmf-dist/tex/generic/bitset/bitset.sty
  (/usr/local/texlive/2024/texmf-dist/tex/generic/bigintcalc/bigintcalc.sty))
  (/usr/local/texlive/2024/texmf-dist/tex/latex/base/atbegshi-ltx.sty))
  (/usr/local/texlive/2024/texmf-dist/tex/latex/hyperref/hluatex.def
  (/usr/local/texlive/2024/texmf-dist/tex/generic/stringenc/stringenc.sty)
  (/usr/local/texlive/2024/texmf-dist/tex/latex/base/atveryend-ltx.sty)
  (/usr/local/texlive/2024/texmf-dist/tex/latex/rerunfilecheck/rerunfilecheck.sty
  
  (/usr/local/texlive/2024/texmf-dist/tex/generic/uniquecounter/uniquecounter.sty
  ))) (/usr/local/texlive/2024/texmf-dist/tex/latex/bookmark/bkm-pdftex.def))
  (/usr/local/texlive/2024/texmf-dist/tex/latex/xurl/xurl.sty)
  No file BLOG_POST_TEMPLATE.aux.
  (/usr/local/texlive/2024/texmf-dist/tex/context/base/mkii/supp-pdf.mkii
  [Loading MPS to PDF converter (version 2006.09.02).]
  ) (/usr/local/texlive/2024/texmf-dist/tex/latex/epstopdf-pkg/epstopdf-base.sty
  (/usr/local/texlive/2024/texmf-dist/tex/latex/latexconfig/epstopdf-sys.cfg))
  *geometry* driver: auto-detecting
  *geometry* detected driver: luatex
  (/usr/local/texlive/2024/texmf-dist/tex/latex/lm/omllmm.fd)
  (/usr/local/texlive/2024/texmf-dist/tex/latex/amsfonts/umsa.fd)
  (/usr/local/texlive/2024/texmf-dist/tex/latex/amsfonts/umsb.fd)
  (/usr/local/texlive/2024/texmf-dist/tex/latex/microtype/mt-LatinModernRoman.cfg
  ) (/usr/local/texlive/2024/texmf-dist/tex/latex/microtype/mt-msa.cfg)
  (/usr/local/texlive/2024/texmf-dist/tex/latex/microtype/mt-msb.cfg)
  
  LaTeX Warning: File `../../images/posts/ucsd-geisel-library.jpg' not found on i
  nput line 230.
  
  
  ! Package luatex.def Error: File `../../images/posts/ucsd-geisel-library.jpg' n
  ot found: using draft setting.
  
  See the luatex.def package documentation for explanation.
  Type  H <return>  for immediate help.
   ...                                              
                                                    
  l.230 ..../../images/posts/ucsd-geisel-library.jpg}}
                                                    
   2382 words of node memory still in use:
     20 hlist, 3 vlist, 6 rule, 10 disc, 5 local_par, 4 dir, 2 math, 65 glue, 8 k
  ern, 11 penalty, 4 margin_kern, 99 glyph, 47 attribute, 79 glue_spec, 47 attrib
  ute_list, 3 temp, 7 if_stack, 1 write, 2 pdf_dest, 5 pdf_colorstack nodes
     avail lists: 1:1,2:4,3:1,4:5,5:2,8:1,10:8
  !  ==> Fatal error occurred, no output PDF file produced!
  Transcript written on BLOG_POST_TEMPLATE.log.
  
[1m[34mupdating tlmgr[39m[22m

[1m[34mupdating existing packages[39m[22m
[91mERROR: 
compilation failed- error[39m
Package luatex.def Error: File `../../images/posts/ucsd-geisel-library.jpg' n
ot found: using draft setting.

See the luatex.def package documentation for explanation.
Type  H <return>  for immediate help.
 ...                                              
                                                  
l.230 ..../../images/posts/ucsd-geisel-library.jpg}}
                                                  


see /Users/zenn/Dropbox/prj/qblog/BLOG_POST_TEMPLATE.log for more information.
[33mWARN: Error encountered when rendering files[39m
