#0 building with "desktop-linux" instance using docker driver

#1 [internal] load .dockerignore
#1 transferring context: 2B done
#1 DONE 0.0s

#2 [internal] load build definition from Dockerfile
#2 transferring dockerfile: 897B done
#2 DONE 0.0s

#3 [auth] rocker/r-devel:pull token for registry-1.docker.io
#3 DONE 0.0s

#4 [internal] load metadata for docker.io/rocker/r-devel:latest
#4 DONE 0.8s

#5 [ 1/19] FROM docker.io/rocker/r-devel@sha256:16c809d3886bdf7e4930bcba37a4f21148d6c58abdd7009a71eefdca48e61ea2
#5 DONE 0.0s

#6 [internal] load build context
#6 transferring context: 230B done
#6 DONE 0.0s

#7 [ 9/19] RUN usermod -aG sudo joe
#7 CACHED

#8 [ 3/19] RUN apt-get install terminator tree eza ssh zsh git fzf ripgrep vim curl autojump  zsh-autosuggestions sudo pandoc -y
#8 CACHED

#9 [12/19] RUN chown joe:joe -R /usr/local/lib/R/site-library
#9 CACHED

#10 [ 5/19] COPY renv.lock renv.lock
#10 CACHED

#11 [16/19] COPY .zshrc .zshrc
#11 CACHED

#12 [14/19] WORKDIR /home/joe/
#12 CACHED

#13 [ 4/19] RUN Rscript -e 'install.packages("renv")'
#13 CACHED

#14 [ 8/19] RUN useradd --system --gid joe -m joe
#14 CACHED

#15 [15/19] COPY .vimrc .vimrc
#15 CACHED

#16 [18/19] RUN mkdir -p  /home/joe/output
#16 CACHED

#17 [13/19] RUN chsh -s $(which zsh) joe
#17 CACHED

#18 [10/19] RUN echo joe:z | chpasswd
#18 CACHED

#19 [17/19] RUN chown joe:joe -R /home/joe
#19 CACHED

#20 [ 2/19] RUN apt-get update &&     apt-get upgrade -y &&     apt-get clean
#20 CACHED

#21 [ 7/19] RUN groupadd --system joe
#21 CACHED

#22 [11/19] RUN chown joe:joe -R /home/joe
#22 CACHED

#23 [ 6/19] RUN  Rscript -e 'renv::restore()'
#23 CACHED

#24 [19/19] RUN curl -fLo ~/.vim/autoload/plug.vim --create-dirs     https://raw.githubusercontent.com/junegunn/vim-plug/master/plug.vim
#24 CACHED

#25 exporting to image
#25 exporting layers done
#25 writing image sha256:71d4df0915c42a39bba0fadc6e53d0d9164115009c0e9acacbf033ffbeea3d20 done
#25 naming to docker.io/rgt47/penguins1 done
#25 DONE 0.0s

What's Next?
  View summary of image vulnerabilities and recommendations → docker scout quickview
